<?xml version="1.0" encoding="UTF-8"?>
<!-- Generated by org.testng.reporters.JUnitReportReporter -->
<testsuite skipped="0" hostname="DESKTOP-1KP87H6" name="com.test.dashboardModule.TC_003_VerifyDashboardProductDatabaseDisplayed" tests="1" failures="0" timestamp="03 Sep 2018 08:34:44 GMT" time="23.870" errors="0">
  <testcase name="testDashboardProductDatabaseDisplayed" time="23.870" classname="com.test.dashboardModule.TC_003_VerifyDashboardProductDatabaseDisplayed"/>
</testsuite> <!-- com.test.dashboardModule.TC_003_VerifyDashboardProductDatabaseDisplayed -->
