<?xml version="1.0" encoding="UTF-8"?>
<!-- Generated by org.testng.reporters.JUnitReportReporter -->
<testsuite skipped="0" hostname="DESKTOP-1KP87H6" name="com.test.dashboardModule.TC_004_VerifyDashboardCategoryDisplayed" tests="1" failures="0" timestamp="03 Sep 2018 08:39:19 GMT" time="23.936" errors="0">
  <testcase name="testDashboardCategoryDisplayed" time="23.936" classname="com.test.dashboardModule.TC_004_VerifyDashboardCategoryDisplayed"/>
</testsuite> <!-- com.test.dashboardModule.TC_004_VerifyDashboardCategoryDisplayed -->
