<?xml version="1.0" encoding="UTF-8"?>
<!-- Generated by org.testng.reporters.JUnitReportReporter -->
<testsuite skipped="0" hostname="DESKTOP-1KP87H6" name="com.test.homeModule.TC_001_VerifySignUpButton" tests="1" failures="0" timestamp="04 Sep 2018 09:33:10 GMT" time="4.060" errors="0">
  <testcase name="testSignUpButton" time="4.060" classname="com.test.homeModule.TC_001_VerifySignUpButton"/>
</testsuite> <!-- com.test.homeModule.TC_001_VerifySignUpButton -->
