<?xml version="1.0" encoding="UTF-8"?>
<!-- Generated by org.testng.reporters.JUnitReportReporter -->
<testsuite skipped="0" hostname="DESKTOP-1KP87H6" name="com.test.dashboardModule.TC_013_VerifyDashboardNoOfProductLeftToAddTrackerDisplayed" tests="1" failures="0" timestamp="03 Sep 2018 11:16:51 GMT" time="29.412" errors="0">
  <testcase name="testDashboardNoOfProductLeftToAddTrackerDisplayed" time="29.412" classname="com.test.dashboardModule.TC_013_VerifyDashboardNoOfProductLeftToAddTrackerDisplayed"/>
</testsuite> <!-- com.test.dashboardModule.TC_013_VerifyDashboardNoOfProductLeftToAddTrackerDisplayed -->
