<?xml version="1.0" encoding="UTF-8"?>
<!-- Generated by org.testng.reporters.JUnitReportReporter -->
<testsuite skipped="0" hostname="DESKTOP-1KP87H6" name="com.test.loginModule.TC_002_VerifyLoginLogout" tests="2" failures="0" timestamp="04 Sep 2018 04:55:19 GMT" time="40.484" errors="0">
  <testcase name="testLogin" time="22.217" classname="com.test.loginModule.TC_002_VerifyLoginLogout"/>
  <testcase name="testLogout" time="18.267" classname="com.test.loginModule.TC_002_VerifyLoginLogout"/>
</testsuite> <!-- com.test.loginModule.TC_002_VerifyLoginLogout -->
