<?xml version="1.0" encoding="UTF-8"?>
<!-- Generated by org.testng.reporters.JUnitReportReporter -->
<testsuite skipped="0" hostname="DESKTOP-1KP87H6" name="com.test.dashboardModule.TC_006_VerifyDashboardFluctuationInPriceLinkDisplayed" tests="1" failures="0" timestamp="03 Sep 2018 12:10:03 GMT" time="29.203" errors="0">
  <testcase name="testDashboardFluctuationInPriceLinkDisplayed" time="29.203" classname="com.test.dashboardModule.TC_006_VerifyDashboardFluctuationInPriceLinkDisplayed"/>
</testsuite> <!-- com.test.dashboardModule.TC_006_VerifyDashboardFluctuationInPriceLinkDisplayed -->
