<?xml version="1.0" encoding="UTF-8"?>
<!-- Generated by org.testng.reporters.JUnitReportReporter -->
<testsuite skipped="0" hostname="DESKTOP-1KP87H6" name="com.test.dashboardModule.TC_002_VerifyDashboardShortlistDisplayed" tests="1" failures="0" timestamp="03 Sep 2018 07:30:47 GMT" time="25.546" errors="0">
  <testcase name="testDashboardShortlistDisplayed" time="25.546" classname="com.test.dashboardModule.TC_002_VerifyDashboardShortlistDisplayed"/>
</testsuite> <!-- com.test.dashboardModule.TC_002_VerifyDashboardShortlistDisplayed -->
