<?xml version="1.0" encoding="UTF-8"?>
<!-- Generated by org.testng.reporters.JUnitReportReporter -->
<testsuite skipped="0" hostname="DESKTOP-1KP87H6" name="com.test.dashboardModule.TC_011_VerifyDashboardShortlistNoOfProductsDisplayed" tests="1" failures="0" timestamp="03 Sep 2018 10:52:27 GMT" time="23.345" errors="0">
  <testcase name="testDashboardShortlistNoOfProductsDisplayed" time="23.345" classname="com.test.dashboardModule.TC_011_VerifyDashboardShortlistNoOfProductsDisplayed"/>
</testsuite> <!-- com.test.dashboardModule.TC_011_VerifyDashboardShortlistNoOfProductsDisplayed -->
