<?xml version="1.0" encoding="UTF-8"?>
<!-- Generated by org.testng.reporters.JUnitReportReporter -->
<testsuite skipped="0" hostname="DESKTOP-1KP87H6" name="com.test.dashboardModule.TC_010_VerifyDashboardActivePlansDisplayed" tests="1" failures="0" timestamp="03 Sep 2018 10:23:47 GMT" time="33.111" errors="0">
  <testcase name="testDashboardActivePlansDisplayed" time="33.111" classname="com.test.dashboardModule.TC_010_VerifyDashboardActivePlansDisplayed"/>
</testsuite> <!-- com.test.dashboardModule.TC_010_VerifyDashboardActivePlansDisplayed -->
