<?xml version="1.0" encoding="UTF-8"?>
<!-- Generated by org.testng.reporters.JUnitReportReporter -->
<testsuite skipped="0" hostname="DESKTOP-1KP87H6" name="com.test.dashboardModule.TC_009_VerifyDashboardRecentlyTrackedSellersDisplayed" tests="1" failures="0" timestamp="03 Sep 2018 10:00:33 GMT" time="30.957" errors="0">
  <testcase name="testDashboardRecentlyTrackedSellersDisplayed" time="30.957" classname="com.test.dashboardModule.TC_009_VerifyDashboardRecentlyTrackedSellersDisplayed"/>
</testsuite> <!-- com.test.dashboardModule.TC_009_VerifyDashboardRecentlyTrackedSellersDisplayed -->
