<?xml version="1.0" encoding="UTF-8"?>
<!-- Generated by org.testng.reporters.JUnitReportReporter -->
<testsuite skipped="0" hostname="DESKTOP-1KP87H6" name="com.test.dashboardModule.TC_012_VerifyDashboardChartNoOfCategoryDisplayed" tests="1" failures="0" timestamp="03 Sep 2018 11:06:36 GMT" time="28.403" errors="0">
  <testcase name="testDashboardChartNoOfCategoryDisplayed" time="28.403" classname="com.test.dashboardModule.TC_012_VerifyDashboardChartNoOfCategoryDisplayed"/>
</testsuite> <!-- com.test.dashboardModule.TC_012_VerifyDashboardChartNoOfCategoryDisplayed -->
