<?xml version="1.0" encoding="UTF-8"?>
<!-- Generated by org.testng.reporters.JUnitReportReporter -->
<testsuite skipped="0" hostname="DESKTOP-1KP87H6" name="com.test.dashboardModule.TC_008_VerifyDashboardRecentlyTrackedBrandsDisplayed" tests="1" failures="0" timestamp="03 Sep 2018 09:55:25 GMT" time="30.318" errors="0">
  <testcase name="testDashboardRecentlyTrackedBrandsDisplayed" time="30.318" classname="com.test.dashboardModule.TC_008_VerifyDashboardRecentlyTrackedBrandsDisplayed"/>
</testsuite> <!-- com.test.dashboardModule.TC_008_VerifyDashboardRecentlyTrackedBrandsDisplayed -->
