<?xml version="1.0" encoding="UTF-8"?>
<!-- Generated by org.testng.reporters.JUnitReportReporter -->
<testsuite skipped="0" hostname="DESKTOP-1KP87H6" name="com.test.loginModule.TC_001_VerifyLoginScreenHeaderName" tests="1" failures="0" timestamp="04 Sep 2018 05:00:51 GMT" time="4.158" errors="0">
  <testcase name="testLoginScreenHeaderName" time="4.158" classname="com.test.loginModule.TC_001_VerifyLoginScreenHeaderName"/>
</testsuite> <!-- com.test.loginModule.TC_001_VerifyLoginScreenHeaderName -->
