<?xml version="1.0" encoding="UTF-8"?>
<!-- Generated by org.testng.reporters.JUnitReportReporter -->
<testsuite skipped="0" hostname="DESKTOP-1KP87H6" name="com.test.dashboardModule.TC_017_VerifyDashboardNavigateToShortlistScreen" tests="1" failures="0" timestamp="03 Sep 2018 12:55:30 GMT" time="25.407" errors="0">
  <testcase name="testDashboardNavigateToShortlistScreen" time="25.407" classname="com.test.dashboardModule.TC_017_VerifyDashboardNavigateToShortlistScreen"/>
</testsuite> <!-- com.test.dashboardModule.TC_017_VerifyDashboardNavigateToShortlistScreen -->
