<?xml version="1.0" encoding="UTF-8"?>
<!-- Generated by org.testng.reporters.JUnitReportReporter -->
<testsuite skipped="0" hostname="DESKTOP-1KP87H6" name="com.test.dashboardModule.TC_001_VerifyDashboardScreenHeaderName" tests="1" failures="0" timestamp="03 Sep 2018 06:38:57 GMT" time="23.050" errors="0">
  <testcase name="testDashboardScreenHeaderName" time="23.050" classname="com.test.dashboardModule.TC_001_VerifyDashboardScreenHeaderName"/>
</testsuite> <!-- com.test.dashboardModule.TC_001_VerifyDashboardScreenHeaderName -->
