<?xml version="1.0" encoding="UTF-8"?>
<!-- Generated by org.testng.reporters.JUnitReportReporter -->
<testsuite skipped="0" hostname="DESKTOP-1KP87H6" name="com.test.signUpModule.TC_003_VerifySignUpScreenHeaderName" tests="1" failures="0" timestamp="03 Sep 2018 07:24:28 GMT" time="5.410" errors="0">
  <testcase name="testSignUpScreenHeaderName" time="5.410" classname="com.test.signUpModule.TC_003_VerifySignUpScreenHeaderName"/>
</testsuite> <!-- com.test.signUpModule.TC_003_VerifySignUpScreenHeaderName -->
