<?xml version="1.0" encoding="UTF-8"?>
<!-- Generated by org.testng.reporters.JUnitReportReporter -->
<testsuite skipped="0" hostname="DESKTOP-1KP87H6" name="com.pom.comUtil.InstallApp" tests="1" failures="0" timestamp="04 Sep 2018 04:41:37 GMT" time="19.600" errors="0">
  <testcase name="appInstall" time="19.600" classname="com.pom.comUtil.InstallApp"/>
</testsuite> <!-- com.pom.comUtil.InstallApp -->
