<?xml version="1.0" encoding="UTF-8"?>
<!-- Generated by org.testng.reporters.JUnitReportReporter -->
<testsuite skipped="0" hostname="DESKTOP-1KP87H6" name="com.test.dashboardModule.TC_018_VerifyDashboardNavigateToProductDatbaseScreen" tests="1" failures="0" timestamp="03 Sep 2018 13:01:35 GMT" time="39.259" errors="0">
  <testcase name="testDashboardNavigateToProductDatbaseScreen" time="39.259" classname="com.test.dashboardModule.TC_018_VerifyDashboardNavigateToProductDatbaseScreen"/>
</testsuite> <!-- com.test.dashboardModule.TC_018_VerifyDashboardNavigateToProductDatbaseScreen -->
