<?xml version="1.0" encoding="UTF-8"?>
<!-- Generated by org.testng.reporters.JUnitReportReporter -->
<testsuite skipped="0" hostname="DESKTOP-1KP87H6" name="com.test.dashboardModule.TC_007_VerifyDashboardFluctuationInRankLinkDisplayed" tests="1" failures="0" timestamp="03 Sep 2018 12:12:43 GMT" time="30.284" errors="0">
  <testcase name="testDashboardFluctuationInRankLinkDisplayed" time="30.284" classname="com.test.dashboardModule.TC_007_VerifyDashboardFluctuationInRankLinkDisplayed"/>
</testsuite> <!-- com.test.dashboardModule.TC_007_VerifyDashboardFluctuationInRankLinkDisplayed -->
